   -----------------------------
   actual ATR: 3B9F96801FC78031A073BE21136747220718000001A3
   -----------------------------

# SCP_SESSION: SELECT APPLICATION
   -----------------------------
      00A40400  
   Response
      6147   


   -----------------------------
   -----------------------------
      00C00000  47 
   Response
      9000   6F458408A000000003000000A539732F06072A864886FC6B01600C060A2A864886F
      C6B02020101630906072A864886FC6B03640B06092A864886FC6B0402159F6E01079F6501F
      E


   -----------------------------

# Initializa Update
   -----------------------------
      80500000 08 0102030405060708 
   Response
      611C   


   -----------------------------
   -----------------------------
      00C00000  1C 
   Response
      9000   F0F1F0F2F0F0FFFFFFFF0102003C023C5C004C3BD8775B3E55764B92


   -----------------------------
# External Authenticate
   -----------------------------
      84820000 10 4B46DF3E320C100EC161AFB8C452C026 
   Response
      9000   


   -----------------------------
# SCP_SESSION: INSTALL (LOAD)
   -----------------------------
      80E60200 15 0A01020304050607080900000006EF04C60204FE00 
   Response
      6101   


   -----------------------------
   -----------------------------
      00C00000  01 
   Response
      9000   00


   -----------------------------

# SCP_SESSION: LOAD
   -----------------------------
      80E80000 FF C48204FA010014DECAFFED01020401000A0102030405060708090002001F00
      14001F00140028009A00180324004700530000016700140006002B03010004002803020107
      A0000000620101060210A0000000090003FFFFFFFF8910710002000107A000000062000103
      0014011001020304050607080900010203040506016506001843800300FF00070200000196
      019980020081010108810000070324000534190325102B6B0C1804109138042904700A1804
      108138032904053203290516041E6D7F191604252906160673004B002300390045004B004B
      004B004B004B004B003F004B004B004B004B004B0035003500350035003500350035003500
      3500 
   Response
      6101   


   -----------------------------
   -----------------------------
      00C00000  01 
   Response
      9000   00


   -----------------------------

# SCP_SESSION: LOAD
   -----------------------------
      80E80001 FF 3516061030435B29067010100A2906700A100B29067004037816050549046B
      0F181F3E251606074D555B387007181F1606381F1605054941325904015905017080160505
      49046B0F181F5903013E251100F0555B3818031F04435B3F13387805C203290C160C104055
      5B290C160C1D084D555B290C160C1604054D555B290C160C1F044D555B290C160C1E555B29
      0C1803160C381804160538150603250441290D1506031805160D8D00003B590D0218160D59
      0D0116073818160D590D0116083818160D590D01160938150A0318160D160B8D00003B160D
      160B41780811188C00018D00022C197B0003037B00039210210303038B00043B19100A8B00
      0518 
   Response
      6101   


   -----------------------------
   -----------------------------
      00C00000  01 
   Response
      9000   00


   -----------------------------

# SCP_SESSION: LOAD
   -----------------------------
      80E80002 FF 8B00067A02301015048D00077F00081100A0048D00077F00091100B8048D00
      077F000A100C048D00077F000B8F000C3D8C000D3B7A00207A01201D75001700020007000D
      000A00128D000E70078D000F70027A06028D00102C1910240310828B001119087B0003037B
      0003928B001219100F047B0013037B0013928B0014198B00152F1C75001B0001000000098D
      00168B001775000C0001000100098D00187A0C06033003318D00102804150403077B001903
      7B0019920410158B001A15048B00152F1C75001D0001000000098D00162E1B8B001B301B7B
      0008038B001C3B70037A8D00102804150404077B001D037B001D92031100A08B001A15048B
      0015 
   Response
      6101   


   -----------------------------
   -----------------------------
      00C00000  01 
   Response
      9000   00


   -----------------------------

# SCP_SESSION: LOAD
   -----------------------------
      80E80003 FF 2F1C75001D0001000000098D00162E1B8B001B311B7B0009038B001C3B7003
      7A7B000B7B00081D8D001E2F1C61037A8D00102804150410130410838B0011150410067B00
      0B047B000B03258B00127B000A03030303037B000B03031E5B7B00091E8D001F2905150410
      0B7B000A0316058B001215048B00152F7A07048D00202E1B100605037B0021037B0021928B
      0022610504700303301D602B8D0023109F048B00248D00102D1A10120310838B00111A100A
      7B0025037B0025928B00121A8B00152F7A0800470014000A00060300045465737403000352
      756E03000C456E746572206E756D62657203000A456E746572207465787403000381214303
      000B 
   Response
      6101   


   -----------------------------
   -----------------------------
      00C00000  01 
   Response
      9000   00


   -----------------------------

# SCP_SESSION: LOAD
   -----------------------------
      80E80004 FF F0AA986C4653D166B2D8080000000005009A00260680100206800300068109
      00050000000381090B03810909038003010680080D0500000C0500000E0500001005000012
      010000000600013E060001B4060002DA06810A0003810A1503810A0C0500000203810A0F03
      810A16068105000381050C060002010500000403810A120381050E0381050F050000060600
      0001060000C106810800050000080381080806810600038106130500000A0900530000004F
      FF0C2A0D030504090704090307030703060303041805080A050404070404040E030C0A0904
      07050E05050407090408050E050504070304080C07040503080704090605070904040D0603
      0A06 
   Response
      6101   


   -----------------------------
   -----------------------------
      00C00000  01 
   Response
      9000   00


   -----------------------------

# SCP_SESSION: LOAD (LAST)
   -----------------------------
      80E88005 03 040404 
   Response
      6101   


   -----------------------------
   -----------------------------
      00C00000  01 
   Response
      9000   00


   -----------------------------

# SCP_SESSION: INSTALL (INSTALL)
   -----------------------------
      80E60C00 49 0A010203040506070809001001020304050607080900010203040506100102
      0304050607080900010203040506010018EF14C8020000C7020000CA0A01FF010010010100
      0000C90000 
   Response
      6101   


   -----------------------------
   -----------------------------
      00C00000  01 
   Response
      9000   00


   -----------------------------

